[2022-11-06T16:09:46.977] [INFO] info - info output
[2022-11-06T16:11:31.333] [INFO] info - info output
[2022-11-21T21:16:59.724] [INFO] info - info output
[2022-11-22T19:53:37.761] [INFO] info - info output
[2022-11-22T20:14:11.548] [INFO] info - info output
[2022-11-22T20:15:06.898] [INFO] info - info output
[2022-11-22T20:15:06.921] [INFO] info - **数据库链接成功**
[2022-11-22T21:24:00.162] [INFO] info - info output
[2022-11-22T21:24:00.183] [INFO] info - **数据库链接成功**
[2022-11-22T21:41:17.096] [INFO] info - info output
[2022-11-22T21:41:17.119] [INFO] info - **数据库链接成功**
[2022-11-22T22:24:21.828] [INFO] info - **数据库链接成功**
[2022-11-22T22:32:00.702] [INFO] info - info output
[2022-11-22T22:32:00.719] [INFO] info - **数据库链接成功**
[2022-11-22T22:46:02.756] [INFO] info - info output
[2022-11-22T22:46:02.774] [INFO] info - **数据库链接成功**
[2022-11-22T22:46:13.947] [INFO] info - get params:{}
[2022-11-22T22:46:13.948] [INFO] info - post params:{"userName":"Rain","userPwd":"123456"}
[2022-11-30T22:27:29.593] [INFO] info - info output
[2022-11-30T22:27:29.639] [INFO] info - **数据库链接成功**
[2022-11-30T22:27:37.199] [INFO] info - get params:{}
[2022-11-30T22:27:37.200] [INFO] info - post params:{"userName":"Rain","userPwd":"admin"}
[2022-11-30T22:27:42.856] [INFO] info - get params:{}
[2022-11-30T22:27:42.857] [INFO] info - post params:{"userName":"Rain","userPwd":"123456"}
[2022-11-30T22:28:00.001] [INFO] info - get params:{}
[2022-11-30T22:28:00.003] [INFO] info - post params:{"userName":"Rain","userPwd":"123456"}
[2022-11-30T22:28:39.214] [INFO] info - get params:{}
[2022-11-30T22:28:39.215] [INFO] info - post params:{"userName":"Rain","userPwd":"123456"}
[2022-11-30T23:21:23.435] [INFO] info - get params:{}
[2022-11-30T23:21:23.435] [INFO] info - post params:{}
[2022-11-30T23:23:01.455] [INFO] info - get params:{}
[2022-11-30T23:23:01.455] [INFO] info - post params:{}
